<?xml version="1.0" encoding="UTF-8"?>
<!-- Generated by org.testng.reporters.JUnitReportReporter -->
<testsuite skipped="1" hostname="DESKTOP-I23JMJE" name="com.tests.LoginTest" tests="3" failures="0" timestamp="11 Dec 2022 04:55:46 GMT" time="2.136" errors="0">
  <testcase name="test03" time="0.000" classname="com.tests.LoginTest">
    <skipped/>
  </testcase> <!-- test03 -->
  <testcase name="test02" time="0.011" classname="com.tests.LoginTest"/>
  <testcase name="test01" time="2.125" classname="com.tests.LoginTest"/>
</testsuite> <!-- com.tests.LoginTest -->
